2026-01-18 23:23:08 | INFO | P02 | === RUN START ===
2026-01-18 23:23:08 | INFO | P02 | project=Automation: Creating Files with Repetition Patterns
2026-01-18 23:23:08 | INFO | P02 | repo_dir=datafun-02-automation
2026-01-18 23:23:08 | INFO | P02 | python=3.14.2
2026-01-18 23:23:08 | INFO | P02 | os=Windows 11
2026-01-18 23:23:08 | INFO | P02 | shell=powershell
2026-01-18 23:23:08 | INFO | P02 | cwd=.
2026-01-18 23:23:08 | INFO | P02 | github_actions=False
2026-01-18 23:23:08 | INFO | P02 | START main()
2026-01-18 23:23:08 | INFO | P02 | START FUNCTION 1: create_files_from_numeric_range()
2026-01-18 23:23:08 | INFO | P02 | Starting quarter: 1
2026-01-18 23:23:08 | INFO | P02 | Ending quarter: 4
2026-01-18 23:23:08 | INFO | P02 | WROTE file: case_quarter_1.txt
2026-01-18 23:23:08 | INFO | P02 | WROTE file: case_quarter_2.txt
2026-01-18 23:23:08 | INFO | P02 | WROTE file: case_quarter_3.txt
2026-01-18 23:23:08 | INFO | P02 | WROTE file: case_quarter_4.txt
2026-01-18 23:23:08 | INFO | P02 | START FUNCTION 2: create_files_from_list()
2026-01-18 23:23:08 | INFO | P02 | Pet list =['dog', 'cat', 'fish']
2026-01-18 23:23:08 | INFO | P02 | WROTE file: case_dog.txt
2026-01-18 23:23:08 | INFO | P02 | WROTE file: case_cat.txt
2026-01-18 23:23:08 | INFO | P02 | WROTE file: case_fish.txt
2026-01-18 23:23:08 | INFO | P02 | START FUNCTION 3: create_files_using_list_comprehension()
2026-01-18 23:23:08 | INFO | P02 | WHY: Use list comprehension to TRANSFORM a list into a new list.
2026-01-18 23:23:08 | INFO | P02 | WHY: They are super compact list transformations.
2026-01-18 23:23:08 | INFO | P02 | Read it as <do this logic> FOR each <item> IN <list>.
2026-01-18 23:23:08 | INFO | P02 | Pet list =['dog', 'cat', 'fish']
2026-01-18 23:23:08 | INFO | P02 | WROTE file: case_favorite_dog.txt
2026-01-18 23:23:08 | INFO | P02 | WROTE file: case_favorite_cat.txt
2026-01-18 23:23:08 | INFO | P02 | WROTE file: case_favorite_fish.txt
2026-01-18 23:23:08 | INFO | P02 | START FUNCTION 4: create_files_periodically()
2026-01-18 23:23:08 | INFO | P02 | WHY: Use while loop for REPETITIVE tasks with a WAIT or DELAY.
2026-01-18 23:23:08 | INFO | P02 | Waiting seconds between files: 1
2026-01-18 23:23:08 | INFO | P02 | Number of files to create: 3
2026-01-18 23:23:08 | INFO | P02 | WROTE file: case_01.txt
2026-01-18 23:23:08 | INFO | P02 | Waiting 1 seconds...
2026-01-18 23:23:09 | INFO | P02 | WROTE file: case_02.txt
2026-01-18 23:23:09 | INFO | P02 | Waiting 1 seconds...
2026-01-18 23:23:10 | INFO | P02 | WROTE file: case_03.txt
2026-01-18 23:23:10 | INFO | P02 | Waiting 1 seconds...
2026-01-18 23:23:11 | INFO | P02 | END main()
2026-01-18 23:25:07 | INFO | P02 | === RUN START ===
2026-01-18 23:25:07 | INFO | P02 | project=Automation: Creating Files with Repetition Patterns
2026-01-18 23:25:07 | INFO | P02 | repo_dir=datafun-02-automation
2026-01-18 23:25:07 | INFO | P02 | python=3.14.2
2026-01-18 23:25:07 | INFO | P02 | os=Windows 11
2026-01-18 23:25:07 | INFO | P02 | shell=powershell
2026-01-18 23:25:07 | INFO | P02 | cwd=.
2026-01-18 23:25:07 | INFO | P02 | github_actions=False
2026-01-18 23:25:07 | INFO | P02 | START main()
2026-01-18 23:25:07 | INFO | P02 | START FUNCTION 1: create_files_from_numeric_range()
2026-01-18 23:25:07 | INFO | P02 | Starting quarter: 1
2026-01-18 23:25:07 | INFO | P02 | Ending quarter: 4
2026-01-18 23:25:07 | INFO | P02 | WROTE file: case_quarter_1.txt
2026-01-18 23:25:07 | INFO | P02 | WROTE file: case_quarter_2.txt
2026-01-18 23:25:07 | INFO | P02 | WROTE file: case_quarter_3.txt
2026-01-18 23:25:07 | INFO | P02 | WROTE file: case_quarter_4.txt
2026-01-18 23:25:07 | INFO | P02 | START FUNCTION 2: create_files_from_list()
2026-01-18 23:25:07 | INFO | P02 | Pet list =['dog', 'cat', 'fish']
2026-01-18 23:25:07 | INFO | P02 | WROTE file: case_dog.txt
2026-01-18 23:25:07 | INFO | P02 | WROTE file: case_cat.txt
2026-01-18 23:25:07 | INFO | P02 | WROTE file: case_fish.txt
2026-01-18 23:25:07 | INFO | P02 | START FUNCTION 3: create_files_using_list_comprehension()
2026-01-18 23:25:07 | INFO | P02 | WHY: Use list comprehension to TRANSFORM a list into a new list.
2026-01-18 23:25:07 | INFO | P02 | WHY: They are super compact list transformations.
2026-01-18 23:25:07 | INFO | P02 | Read it as <do this logic> FOR each <item> IN <list>.
2026-01-18 23:25:07 | INFO | P02 | Pet list =['dog', 'cat', 'fish']
2026-01-18 23:25:07 | INFO | P02 | WROTE file: case_favorite_dog.txt
2026-01-18 23:25:07 | INFO | P02 | WROTE file: case_favorite_cat.txt
2026-01-18 23:25:07 | INFO | P02 | WROTE file: case_favorite_fish.txt
2026-01-18 23:25:07 | INFO | P02 | START FUNCTION 4: create_files_periodically()
2026-01-18 23:25:07 | INFO | P02 | WHY: Use while loop for REPETITIVE tasks with a WAIT or DELAY.
2026-01-18 23:25:07 | INFO | P02 | Waiting seconds between files: 1
2026-01-18 23:25:07 | INFO | P02 | Number of files to create: 3
2026-01-18 23:25:07 | INFO | P02 | WROTE file: case_01.txt
2026-01-18 23:25:07 | INFO | P02 | Waiting 1 seconds...
2026-01-18 23:25:08 | INFO | P02 | WROTE file: case_02.txt
2026-01-18 23:25:08 | INFO | P02 | Waiting 1 seconds...
2026-01-18 23:25:09 | INFO | P02 | WROTE file: case_03.txt
2026-01-18 23:25:09 | INFO | P02 | Waiting 1 seconds...
2026-01-18 23:25:10 | INFO | P02 | END main()
2026-01-19 14:21:13 | INFO | P02 | === RUN START ===
2026-01-19 14:21:13 | INFO | P02 | project=Automation: Creating Files with Repetition Patterns
2026-01-19 14:21:13 | INFO | P02 | repo_dir=datafun-02-automation
2026-01-19 14:21:13 | INFO | P02 | python=3.14.2
2026-01-19 14:21:13 | INFO | P02 | os=Windows 11
2026-01-19 14:21:13 | INFO | P02 | shell=powershell
2026-01-19 14:21:13 | INFO | P02 | cwd=src\datafun_02_automation
2026-01-19 14:21:13 | INFO | P02 | github_actions=False
2026-01-19 14:21:13 | INFO | P02 | START main()
2026-01-19 14:21:13 | INFO | P02 | START FUNCTION 1: create_files_from_numeric_range()
2026-01-19 14:21:13 | INFO | P02 | Starting quarter: 1
2026-01-19 14:21:13 | INFO | P02 | Ending quarter: 4
2026-01-19 14:21:13 | INFO | P02 | WROTE file: case_quarter_1.txt
2026-01-19 14:21:13 | INFO | P02 | WROTE file: case_quarter_2.txt
2026-01-19 14:21:13 | INFO | P02 | WROTE file: case_quarter_3.txt
2026-01-19 14:21:13 | INFO | P02 | WROTE file: case_quarter_4.txt
2026-01-19 14:21:13 | INFO | P02 | START FUNCTION 2: create_files_from_list()
2026-01-19 14:21:13 | INFO | P02 | Pet list =['dog', 'cat', 'fish']
2026-01-19 14:21:13 | INFO | P02 | WROTE file: case_dog.txt
2026-01-19 14:21:13 | INFO | P02 | WROTE file: case_cat.txt
2026-01-19 14:21:13 | INFO | P02 | WROTE file: case_fish.txt
2026-01-19 14:21:13 | INFO | P02 | START FUNCTION 3: create_files_using_list_comprehension()
2026-01-19 14:21:13 | INFO | P02 | WHY: Use list comprehension to TRANSFORM a list into a new list.
2026-01-19 14:21:13 | INFO | P02 | WHY: They are super compact list transformations.
2026-01-19 14:21:13 | INFO | P02 | Read it as <do this logic> FOR each <item> IN <list>.
2026-01-19 14:21:13 | INFO | P02 | Pet list =['dog', 'cat', 'fish']
2026-01-19 14:21:13 | INFO | P02 | WROTE file: case_favorite_dog.txt
2026-01-19 14:21:13 | INFO | P02 | WROTE file: case_favorite_cat.txt
2026-01-19 14:21:13 | INFO | P02 | WROTE file: case_favorite_fish.txt
2026-01-19 14:21:13 | INFO | P02 | START FUNCTION 4: create_files_periodically()
2026-01-19 14:21:13 | INFO | P02 | WHY: Use while loop for REPETITIVE tasks with a WAIT or DELAY.
2026-01-19 14:21:13 | INFO | P02 | Waiting seconds between files: 1
2026-01-19 14:21:13 | INFO | P02 | Number of files to create: 3
2026-01-19 14:21:13 | INFO | P02 | WROTE file: case_01.txt
2026-01-19 14:21:13 | INFO | P02 | Waiting 1 seconds...
2026-01-19 14:21:14 | INFO | P02 | WROTE file: case_02.txt
2026-01-19 14:21:14 | INFO | P02 | Waiting 1 seconds...
2026-01-19 14:21:15 | INFO | P02 | WROTE file: case_03.txt
2026-01-19 14:21:15 | INFO | P02 | Waiting 1 seconds...
2026-01-19 14:21:16 | INFO | P02 | END main()
2026-01-19 14:31:05 | INFO | P02 | === RUN START ===
2026-01-19 14:31:05 | INFO | P02 | project=Automation: Creating Files with Repetition Patterns
2026-01-19 14:31:05 | INFO | P02 | repo_dir=datafun-02-automation
2026-01-19 14:31:05 | INFO | P02 | python=3.14.2
2026-01-19 14:31:05 | INFO | P02 | os=Windows 11
2026-01-19 14:31:05 | INFO | P02 | shell=powershell
2026-01-19 14:31:05 | INFO | P02 | cwd=src\datafun_02_automation
2026-01-19 14:31:05 | INFO | P02 | github_actions=False
2026-01-19 14:31:05 | INFO | P02 | START main()
2026-01-19 14:31:05 | INFO | P02 | START FUNCTION 1: create_files_from_numeric_range(2023, 2026)
2026-01-19 14:31:05 | INFO | P02 | Starting quarter: 1
2026-01-19 14:31:05 | INFO | P02 | Ending quarter: 4
2026-01-19 14:31:05 | INFO | P02 | WROTE file: conover_quarter_1.txt
2026-01-19 14:31:05 | INFO | P02 | WROTE file: conover_quarter_2.txt
2026-01-19 14:31:05 | INFO | P02 | WROTE file: conover_quarter_3.txt
2026-01-19 14:31:05 | INFO | P02 | WROTE file: conover_quarter_4.txt
2026-01-19 14:31:05 | INFO | P02 | START FUNCTION 2: create_files_from_list((<Mulrey>, <Chase>, <Rocky>)
2026-01-19 14:31:05 | INFO | P02 | Pet list =['dog', 'cat', 'fish']
2026-01-19 14:31:05 | INFO | P02 | WROTE file: conover_dog.txt
2026-01-19 14:31:05 | INFO | P02 | WROTE file: conover_cat.txt
2026-01-19 14:31:05 | INFO | P02 | WROTE file: conover_fish.txt
2026-01-19 14:31:05 | INFO | P02 | START FUNCTION 3: create_files_using_list_comprehension()
2026-01-19 14:31:05 | INFO | P02 | WHY: Use list comprehension to TRANSFORM a list into a new list.
2026-01-19 14:31:05 | INFO | P02 | WHY: They are super compact list transformations.
2026-01-19 14:31:05 | INFO | P02 | Read it as <do this logic> FOR each <item> IN <list>.
2026-01-19 14:31:05 | INFO | P02 | Pet list =['dog', 'cat', 'fish']
2026-01-19 14:31:05 | INFO | P02 | WROTE file: conover_favorite_dog.txt
2026-01-19 14:31:05 | INFO | P02 | WROTE file: conover_favorite_cat.txt
2026-01-19 14:31:05 | INFO | P02 | WROTE file: conover_favorite_fish.txt
2026-01-19 14:31:05 | INFO | P02 | START FUNCTION 4: create_files_periodically()
2026-01-19 14:31:05 | INFO | P02 | WHY: Use while loop for REPETITIVE tasks with a WAIT or DELAY.
2026-01-19 14:31:05 | INFO | P02 | Waiting seconds between files: 1
2026-01-19 14:31:05 | INFO | P02 | Number of files to create: 3
2026-01-19 14:31:05 | INFO | P02 | WROTE file: conover_01.txt
2026-01-19 14:31:05 | INFO | P02 | Waiting 1 seconds...
2026-01-19 14:31:06 | INFO | P02 | WROTE file: conover_02.txt
2026-01-19 14:31:06 | INFO | P02 | Waiting 1 seconds...
2026-01-19 14:31:07 | INFO | P02 | WROTE file: conover_03.txt
2026-01-19 14:31:07 | INFO | P02 | Waiting 1 seconds...
2026-01-19 14:31:08 | INFO | P02 | END main()
2026-01-19 14:33:13 | INFO | P02 | === RUN START ===
2026-01-19 14:33:13 | INFO | P02 | project=Automation: Creating Files with Repetition Patterns
2026-01-19 14:33:13 | INFO | P02 | repo_dir=datafun-02-automation
2026-01-19 14:33:13 | INFO | P02 | python=3.14.2
2026-01-19 14:33:13 | INFO | P02 | os=Windows 11
2026-01-19 14:33:13 | INFO | P02 | shell=powershell
2026-01-19 14:33:13 | INFO | P02 | cwd=src\datafun_02_automation
2026-01-19 14:33:13 | INFO | P02 | github_actions=False
2026-01-19 14:33:13 | INFO | P02 | START main()
2026-01-19 14:33:13 | INFO | P02 | START FUNCTION 1: create_files_from_numeric_range(2023, 2026)
2026-01-19 14:33:13 | INFO | P02 | Starting quarter: 1
2026-01-19 14:33:13 | INFO | P02 | Ending quarter: 4
2026-01-19 14:33:13 | INFO | P02 | WROTE file: conover_quarter_1.txt
2026-01-19 14:33:13 | INFO | P02 | WROTE file: conover_quarter_2.txt
2026-01-19 14:33:13 | INFO | P02 | WROTE file: conover_quarter_3.txt
2026-01-19 14:33:13 | INFO | P02 | WROTE file: conover_quarter_4.txt
2026-01-19 14:33:13 | INFO | P02 | START FUNCTION 2: create_files_from_list()
2026-01-19 14:33:13 | INFO | P02 | Pet list =['dog', 'cat', 'fish']
2026-01-19 14:33:13 | INFO | P02 | WROTE file: conover_dog.txt
2026-01-19 14:33:13 | INFO | P02 | WROTE file: conover_cat.txt
2026-01-19 14:33:13 | INFO | P02 | WROTE file: conover_fish.txt
2026-01-19 14:33:13 | INFO | P02 | START FUNCTION 3: create_files_using_list_comprehension()
2026-01-19 14:33:13 | INFO | P02 | WHY: Use list comprehension to TRANSFORM a list into a new list.
2026-01-19 14:33:13 | INFO | P02 | WHY: They are super compact list transformations.
2026-01-19 14:33:13 | INFO | P02 | Read it as <do this logic> FOR each <item> IN <list>.
2026-01-19 14:33:13 | INFO | P02 | Pet list =['dog', 'cat', 'fish']
2026-01-19 14:33:13 | INFO | P02 | WROTE file: conover_favorite_dog.txt
2026-01-19 14:33:13 | INFO | P02 | WROTE file: conover_favorite_cat.txt
2026-01-19 14:33:13 | INFO | P02 | WROTE file: conover_favorite_fish.txt
2026-01-19 14:33:13 | INFO | P02 | START FUNCTION 4: create_files_periodically()
2026-01-19 14:33:13 | INFO | P02 | WHY: Use while loop for REPETITIVE tasks with a WAIT or DELAY.
2026-01-19 14:33:13 | INFO | P02 | Waiting seconds between files: 1
2026-01-19 14:33:13 | INFO | P02 | Number of files to create: 3
2026-01-19 14:33:13 | INFO | P02 | WROTE file: conover_01.txt
2026-01-19 14:33:13 | INFO | P02 | Waiting 1 seconds...
2026-01-19 14:33:14 | INFO | P02 | WROTE file: conover_02.txt
2026-01-19 14:33:14 | INFO | P02 | Waiting 1 seconds...
2026-01-19 14:33:15 | INFO | P02 | WROTE file: conover_03.txt
2026-01-19 14:33:15 | INFO | P02 | Waiting 1 seconds...
2026-01-19 14:33:16 | INFO | P02 | END main()
2026-01-19 14:43:19 | INFO | P02 | === RUN START ===
2026-01-19 14:43:19 | INFO | P02 | project=Automation: Creating Files with Repetition Patterns
2026-01-19 14:43:19 | INFO | P02 | repo_dir=datafun-02-automation
2026-01-19 14:43:19 | INFO | P02 | python=3.14.2
2026-01-19 14:43:19 | INFO | P02 | os=Windows 11
2026-01-19 14:43:19 | INFO | P02 | shell=powershell
2026-01-19 14:43:19 | INFO | P02 | cwd=src\datafun_02_automation
2026-01-19 14:43:19 | INFO | P02 | github_actions=False
2026-01-19 14:43:19 | INFO | P02 | START main()
2026-01-19 14:43:19 | INFO | P02 | START FUNCTION 1: create_files_from_numeric_range(2023, 2026)
2026-01-19 14:43:19 | INFO | P02 | Starting year: 2023
2026-01-19 14:43:19 | INFO | P02 | Ending year: 2026
2026-01-19 14:43:19 | INFO | P02 | WROTE file: conover_quarter_1.txt
2026-01-19 14:43:19 | INFO | P02 | WROTE file: conover_quarter_2.txt
2026-01-19 14:43:19 | INFO | P02 | WROTE file: conover_quarter_3.txt
2026-01-19 14:43:19 | INFO | P02 | WROTE file: conover_quarter_4.txt
2026-01-19 14:43:19 | INFO | P02 | START FUNCTION 2: create_files_from_list()
2026-01-19 14:43:19 | INFO | P02 | Pet list =['dog', 'cat', 'fish']
2026-01-19 14:43:19 | INFO | P02 | WROTE file: conover_dog.txt
2026-01-19 14:43:19 | INFO | P02 | WROTE file: conover_cat.txt
2026-01-19 14:43:20 | INFO | P02 | WROTE file: conover_fish.txt
2026-01-19 14:43:20 | INFO | P02 | START FUNCTION 3: create_files_using_list_comprehension()
2026-01-19 14:43:20 | INFO | P02 | WHY: Use list comprehension to TRANSFORM a list into a new list.
2026-01-19 14:43:20 | INFO | P02 | WHY: They are super compact list transformations.
2026-01-19 14:43:20 | INFO | P02 | Read it as <do this logic> FOR each <item> IN <list>.
2026-01-19 14:43:20 | INFO | P02 | Pet list =['dog', 'cat', 'fish']
2026-01-19 14:43:20 | INFO | P02 | WROTE file: conover_favorite_dog.txt
2026-01-19 14:43:20 | INFO | P02 | WROTE file: conover_favorite_cat.txt
2026-01-19 14:43:20 | INFO | P02 | WROTE file: conover_favorite_fish.txt
2026-01-19 14:43:20 | INFO | P02 | START FUNCTION 4: create_files_periodically()
2026-01-19 14:43:20 | INFO | P02 | WHY: Use while loop for REPETITIVE tasks with a WAIT or DELAY.
2026-01-19 14:43:20 | INFO | P02 | Waiting seconds between files: 1
2026-01-19 14:43:20 | INFO | P02 | Number of files to create: 3
2026-01-19 14:43:20 | INFO | P02 | WROTE file: conover_01.txt
2026-01-19 14:43:20 | INFO | P02 | Waiting 1 seconds...
2026-01-19 14:43:21 | INFO | P02 | WROTE file: conover_02.txt
2026-01-19 14:43:21 | INFO | P02 | Waiting 1 seconds...
2026-01-19 14:43:22 | INFO | P02 | WROTE file: conover_03.txt
2026-01-19 14:43:22 | INFO | P02 | Waiting 1 seconds...
2026-01-19 14:43:23 | INFO | P02 | END main()
2026-01-19 14:55:18 | INFO | P02 | === RUN START ===
2026-01-19 14:55:18 | INFO | P02 | project=Automation: Creating Files with Repetition Patterns
2026-01-19 14:55:18 | INFO | P02 | repo_dir=datafun-02-automation
2026-01-19 14:55:18 | INFO | P02 | python=3.14.2
2026-01-19 14:55:18 | INFO | P02 | os=Windows 11
2026-01-19 14:55:18 | INFO | P02 | shell=powershell
2026-01-19 14:55:18 | INFO | P02 | cwd=src\datafun_02_automation
2026-01-19 14:55:18 | INFO | P02 | github_actions=False
2026-01-19 14:55:18 | INFO | P02 | START main()
2026-01-19 14:55:18 | INFO | P02 | START FUNCTION 1: create_files_from_numeric_range(2023, 2026)
2026-01-19 14:55:18 | INFO | P02 | Starting year: 2023
2026-01-19 14:55:18 | INFO | P02 | Ending year: 2026
2026-01-19 14:55:18 | INFO | P02 | WROTE file: conover_year_2023.txt
2026-01-19 14:55:18 | INFO | P02 | WROTE file: conover_year_2024.txt
2026-01-19 14:55:18 | INFO | P02 | WROTE file: conover_year_2025.txt
2026-01-19 14:55:18 | INFO | P02 | WROTE file: conover_year_2026.txt
2026-01-19 14:55:18 | INFO | P02 | START FUNCTION 2: create_files_from_list()
2026-01-19 14:55:18 | INFO | P02 | Pet list =['dog', 'cat', 'fish']
2026-01-19 14:55:18 | INFO | P02 | WROTE file: conover_dog.txt
2026-01-19 14:55:18 | INFO | P02 | WROTE file: conover_cat.txt
2026-01-19 14:55:18 | INFO | P02 | WROTE file: conover_fish.txt
2026-01-19 14:55:18 | INFO | P02 | START FUNCTION 3: create_files_using_list_comprehension()
2026-01-19 14:55:18 | INFO | P02 | WHY: Use list comprehension to TRANSFORM a list into a new list.
2026-01-19 14:55:18 | INFO | P02 | WHY: They are super compact list transformations.
2026-01-19 14:55:18 | INFO | P02 | Read it as <do this logic> FOR each <item> IN <list>.
2026-01-19 14:55:18 | INFO | P02 | Pet list =['dog', 'cat', 'fish']
2026-01-19 14:55:18 | INFO | P02 | WROTE file: conover_favorite_dog.txt
2026-01-19 14:55:18 | INFO | P02 | WROTE file: conover_favorite_cat.txt
2026-01-19 14:55:18 | INFO | P02 | WROTE file: conover_favorite_fish.txt
2026-01-19 14:55:18 | INFO | P02 | START FUNCTION 4: create_files_periodically()
2026-01-19 14:55:18 | INFO | P02 | WHY: Use while loop for REPETITIVE tasks with a WAIT or DELAY.
2026-01-19 14:55:18 | INFO | P02 | Waiting seconds between files: 1
2026-01-19 14:55:18 | INFO | P02 | Number of files to create: 3
2026-01-19 14:55:18 | INFO | P02 | WROTE file: conover_01.txt
2026-01-19 14:55:18 | INFO | P02 | Waiting 1 seconds...
2026-01-19 14:55:19 | INFO | P02 | WROTE file: conover_02.txt
2026-01-19 14:55:19 | INFO | P02 | Waiting 1 seconds...
2026-01-19 14:55:20 | INFO | P02 | WROTE file: conover_03.txt
2026-01-19 14:55:20 | INFO | P02 | Waiting 1 seconds...
2026-01-19 14:55:21 | INFO | P02 | END main()
